c:\users\faraz malik\desktop\oop final project\x64\debug\vc143.pdb
c:\users\faraz malik\desktop\oop final project\x64\debug\vc143.idb
c:\users\faraz malik\desktop\oop final project\x64\debug\sfml.obj
c:\users\faraz malik\desktop\oop final project\x64\debug\mainmenu.obj
c:\users\faraz malik\desktop\oop final project\x64\debug\main.obj
c:\users\faraz malik\desktop\oop final project\x64\debug\source1.obj
c:\users\faraz malik\desktop\oop final project\x64\debug\source.obj
c:\users\faraz malik\desktop\oop final project\x64\debug\bg&audiocheck.obj
c:\users\faraz malik\desktop\oop final project\x64\debug\onefilecode.obj
c:\users\faraz malik\desktop\oop final project\x64\debug\oop final project.exe
c:\users\faraz malik\desktop\oop final project\x64\debug\oop final project.ilk
c:\users\faraz malik\desktop\oop final project\x64\debug\oop final project.pdb
c:\users\faraz malik\desktop\oop final project\x64\debug\again.obj
c:\users\faraz malik\desktop\oop final project\x64\debug\menu.obj
c:\users\faraz malik\desktop\oop final project\x64\debug\sfml check.obj
c:\users\faraz malik\desktop\oop final project\x64\debug\oop fina.2049f2bf.tlog\cl.command.1.tlog
c:\users\faraz malik\desktop\oop final project\x64\debug\oop fina.2049f2bf.tlog\cl.read.1.tlog
c:\users\faraz malik\desktop\oop final project\x64\debug\oop fina.2049f2bf.tlog\cl.write.1.tlog
c:\users\faraz malik\desktop\oop final project\x64\debug\oop fina.2049f2bf.tlog\link.command.1.tlog
c:\users\faraz malik\desktop\oop final project\x64\debug\oop fina.2049f2bf.tlog\link.read.1.tlog
c:\users\faraz malik\desktop\oop final project\x64\debug\oop fina.2049f2bf.tlog\link.write.1.tlog
